kotlin version: 2.2.20
error message: java.lang.IllegalArgumentException: Required value was null.
	at org.jetbrains.kotlin.fir.plugin.ConstructorBuildingContextKt.generateNoArgDelegatingConstructorCall(ConstructorBuildingContext.kt:161)
	at org.jetbrains.kotlin.fir.plugin.ConstructorBuildingContextKt.createConstructor(ConstructorBuildingContext.kt:135)
	at org.jetbrains.kotlin.fir.plugin.ConstructorBuildingContextKt.createDefaultPrivateConstructor(ConstructorBuildingContext.kt:154)
	at org.jetbrains.kotlin.fir.plugin.ConstructorBuildingContextKt.createDefaultPrivateConstructor$default(ConstructorBuildingContext.kt:149)
	at org.jetbrains.kotlinx.serialization.compiler.fir.SerializationFirResolveExtension.generateConstructors(SerializationFirResolveExtension.kt:290)
	at org.jetbrains.kotlin.fir.scopes.impl.FirGeneratedMemberDeclarationsStorage$CallableStorage.generateConstructors(FirGeneratedScopes.kt:226)
	at org.jetbrains.kotlin.fir.scopes.impl.FirGeneratedMemberDeclarationsStorage$CallableStorage.constructorCache$lambda$0(FirGeneratedScopes.kt:202)
	at kotlin.UnsafeLazyImpl.getValue(Lazy.kt:100)
	at org.jetbrains.kotlin.fir.caches.FirThreadUnsafeValue.getLazyValue(FirThreadUnsafeCachesFactory.kt:88)
	at org.jetbrains.kotlin.fir.caches.FirThreadUnsafeValue.getValue(FirThreadUnsafeCachesFactory.kt:89)
	at org.jetbrains.kotlin.fir.scopes.impl.FirGeneratedClassDeclaredMemberScope.processDeclaredConstructors(FirGeneratedScopes.kt:95)
	at org.jetbrains.kotlin.fir.extensions.GeneratedDeclarationsUtilsKt.generatedMembers(generatedDeclarationsUtils.kt:46)
	at org.jetbrains.kotlin.fir.backend.Fir2IrConverter.processClassMembers$fir2ir(Fir2IrConverter.kt:220)
	at org.jetbrains.kotlin.fir.backend.Fir2IrConverter.processMemberDeclaration(Fir2IrConverter.kt:472)
	at org.jetbrains.kotlin.fir.backend.Fir2IrConverter.processClassMembers$fir2ir(Fir2IrConverter.kt:247)
	at org.jetbrains.kotlin.fir.backend.Fir2IrConverter.processMemberDeclaration(Fir2IrConverter.kt:472)
	at org.jetbrains.kotlin.fir.backend.Fir2IrConverter.processFileAndClassMembers(Fir2IrConverter.kt:194)
	at org.jetbrains.kotlin.fir.backend.Fir2IrConverter.runSourcesConversion(Fir2IrConverter.kt:96)
	at org.jetbrains.kotlin.fir.backend.Fir2IrConverter.access$runSourcesConversion(Fir2IrConverter.kt:70)
	at org.jetbrains.kotlin.fir.backend.Fir2IrConverter$Companion.generateIrModuleFragment(Fir2IrConverter.kt:700)
	at org.jetbrains.kotlin.fir.pipeline.Fir2IrPipeline.runFir2IrConversion(convertToIr.kt:168)
	at org.jetbrains.kotlin.fir.pipeline.Fir2IrPipeline.convertToIrAndActualize(convertToIr.kt:133)
	at org.jetbrains.kotlin.fir.pipeline.ConvertToIrKt.convertToIrAndActualize(convertToIr.kt:100)
	at org.jetbrains.kotlin.fir.pipeline.ConvertToIrKt.convertToIrAndActualize$default(convertToIr.kt:73)
	at org.jetbrains.kotlin.cli.jvm.compiler.legacy.pipeline.JvmCompilerPipelineKt.convertToIrAndActualizeForJvm(jvmCompilerPipeline.kt:101)
	at org.jetbrains.kotlin.cli.pipeline.jvm.JvmFir2IrPipelinePhase.executePhase(JvmFir2IrPipelinePhase.kt:30)
	at org.jetbrains.kotlin.kapt.FirKaptAnalysisHandlerExtension.contextForStubGeneration(FirKaptAnalysisHandlerExtension.kt:186)
	at org.jetbrains.kotlin.kapt.FirKaptAnalysisHandlerExtension.doAnalysis(FirKaptAnalysisHandlerExtension.kt:99)
	at org.jetbrains.kotlin.fir.extensions.FirAnalysisHandlerExtension$Companion.analyze(FirAnalysisHandlerExtension.kt:29)
	at org.jetbrains.kotlin.cli.pipeline.jvm.JvmFrontendPipelinePhase.executePhase(JvmFrontendPipelinePhase.kt:75)
	at org.jetbrains.kotlin.cli.pipeline.jvm.JvmFrontendPipelinePhase.executePhase(JvmFrontendPipelinePhase.kt:47)
	at org.jetbrains.kotlin.cli.pipeline.PipelinePhase.phaseBody(PipelinePhase.kt:68)
	at org.jetbrains.kotlin.cli.pipeline.PipelinePhase.phaseBody(PipelinePhase.kt:58)
	at org.jetbrains.kotlin.config.phaser.NamedCompilerPhase.invoke(CompilerPhase.kt:102)
	at org.jetbrains.kotlin.backend.common.phaser.CompositePhase.invoke(PhaseBuilders.kt:22)
	at org.jetbrains.kotlin.config.phaser.CompilerPhaseKt.invokeToplevel(CompilerPhase.kt:53)
	at org.jetbrains.kotlin.cli.pipeline.AbstractCliPipeline.runPhasedPipeline(AbstractCliPipeline.kt:109)
	at org.jetbrains.kotlin.cli.pipeline.AbstractCliPipeline.execute(AbstractCliPipeline.kt:68)
	at org.jetbrains.kotlin.cli.jvm.K2JVMCompiler.doExecutePhased(K2JVMCompiler.kt:79)
	at org.jetbrains.kotlin.cli.jvm.K2JVMCompiler.doExecutePhased(K2JVMCompiler.kt:45)
	at org.jetbrains.kotlin.cli.common.CLICompiler.execImpl(CLICompiler.kt:90)
	at org.jetbrains.kotlin.cli.common.CLICompiler.exec(CLICompiler.kt:352)
	at org.jetbrains.kotlin.incremental.IncrementalJvmCompilerRunnerBase.runCompiler(IncrementalJvmCompilerRunnerBase.kt:176)
	at org.jetbrains.kotlin.incremental.IncrementalJvmCompilerRunnerBase.runCompiler(IncrementalJvmCompilerRunnerBase.kt:39)
	at org.jetbrains.kotlin.incremental.IncrementalCompilerRunner.doCompile(IncrementalCompilerRunner.kt:499)
	at org.jetbrains.kotlin.incremental.IncrementalCompilerRunner.compileImpl(IncrementalCompilerRunner.kt:416)
	at org.jetbrains.kotlin.incremental.IncrementalCompilerRunner.tryCompileIncrementally$lambda$0$compile(IncrementalCompilerRunner.kt:249)
	at org.jetbrains.kotlin.incremental.IncrementalCompilerRunner.tryCompileIncrementally(IncrementalCompilerRunner.kt:267)
	at org.jetbrains.kotlin.incremental.IncrementalCompilerRunner.compile(IncrementalCompilerRunner.kt:119)
	at org.jetbrains.kotlin.daemon.CompileServiceImplBase.execIncrementalCompiler(CompileServiceImpl.kt:684)
	at org.jetbrains.kotlin.daemon.CompileServiceImplBase.access$execIncrementalCompiler(CompileServiceImpl.kt:94)
	at org.jetbrains.kotlin.daemon.CompileServiceImpl.compile(CompileServiceImpl.kt:1810)
	at java.base/jdk.internal.reflect.NativeMethodAccessorImpl.invoke0(Native Method)
	at java.base/jdk.internal.reflect.NativeMethodAccessorImpl.invoke(NativeMethodAccessorImpl.java:77)
	at java.base/jdk.internal.reflect.DelegatingMethodAccessorImpl.invoke(DelegatingMethodAccessorImpl.java:43)
	at java.base/java.lang.reflect.Method.invoke(Method.java:568)
	at java.rmi/sun.rmi.server.UnicastServerRef.dispatch(UnicastServerRef.java:360)
	at java.rmi/sun.rmi.transport.Transport$1.run(Transport.java:200)
	at java.rmi/sun.rmi.transport.Transport$1.run(Transport.java:197)
	at java.base/java.security.AccessController.doPrivileged(AccessController.java:712)
	at java.rmi/sun.rmi.transport.Transport.serviceCall(Transport.java:196)
	at java.rmi/sun.rmi.transport.tcp.TCPTransport.handleMessages(TCPTransport.java:587)
	at java.rmi/sun.rmi.transport.tcp.TCPTransport$ConnectionHandler.run0(TCPTransport.java:828)
	at java.rmi/sun.rmi.transport.tcp.TCPTransport$ConnectionHandler.lambda$run$0(TCPTransport.java:705)
	at java.base/java.security.AccessController.doPrivileged(AccessController.java:399)
	at java.rmi/sun.rmi.transport.tcp.TCPTransport$ConnectionHandler.run(TCPTransport.java:704)
	at java.base/java.util.concurrent.ThreadPoolExecutor.runWorker(ThreadPoolExecutor.java:1136)
	at java.base/java.util.concurrent.ThreadPoolExecutor$Worker.run(ThreadPoolExecutor.java:635)
	at java.base/java.lang.Thread.run(Thread.java:833)


